-------------------------------------------------------------------------------
      name:  <unnamed>
       log:  \\wsl.localhost\Ubuntu\home\leeky\work\SS\.worktrees\issue-353-p4-
> 13-spatial-output-tn-to\rulebook\tasks\issue-353-p4-13-spatial-output-tn-to\e
> vidence\ss_spmatrix_return_list.result.log
  log type:  text
 opened on:  11 Jan 2026, 10:39:34

. import delimited "/home/leeky/work/SS/.worktrees/issue-353-p4-13-spatial-outp
> ut-tn-to/assets/stata_do_library/fixtures/TN03/sample_data.csv", clear
(encoding automatically selected: ISO-8859-1)
(8 vars, 6 obs)

. 
. gen long sid = _n

. spset sid

      Sp dataset: <current>
Linked shapefile: <none>
            Data: Cross sectional
 Spatial-unit ID: _ID (equal to sid)
     Coordinates: <none>

. spset, modify coord(x cluster)

      Sp dataset: <current>
Linked shapefile: <none>
            Data: Cross sectional
 Spatial-unit ID: _ID (equal to sid)
     Coordinates: _CX, _CY (planar)


. spmatrix create idistance W

. spmatrix summarize W

Weighting matrix W
---------------------------------------
           Type |            idistance
  Normalization |             spectral
      Dimension |                6 x 6
Elements        |
   minimum      |                    0
   minimum > 0  |             .0550918
   mean         |             .1659265
   max          |             .6159456
---------------------------------------

. return list

scalars:
                r(max) =  .6159456056503143
               r(min0) =  .0550918304130473
               r(mean) =  .1659265095543119
                r(min) =  0
                  r(n) =  6

macros:
      r(normalization) : "spectral"
               r(type) : "idistance"

. log close
      name:  <unnamed>
       log:  \\wsl.localhost\Ubuntu\home\leeky\work\SS\.worktrees\issue-353-p4-
> 13-spatial-output-tn-to\rulebook\tasks\issue-353-p4-13-spatial-output-tn-to\e
> vidence\ss_spmatrix_return_list.result.log
  log type:  text
 closed on:  11 Jan 2026, 10:39:35
-------------------------------------------------------------------------------
