
  ___  ____  ____  ____  ____ ®
 /__    /   ____/   /   ____/      18.0
___/   /   /___/   /   /___/       MP—Parallel Edition

 Statistics and Data Science       Copyright 1985-2023 StataCorp LLC
                                   StataCorp
                                   4905 Lakeway Drive
                                   College Station, Texas 77845 USA
                                   800-STATA-PC        https://www.stata.com
                                   979-696-4600        stata@stata.com

Stata license: 114514-student 64-core lab perpetual
Serial number: 9223372036854775807
  Licensed to: LEEKY
               1138

Notes:
      1. Stata is running in batch mode.
      2. Unicode is supported; see help unicode_advice.
      3. More than 2 billion observations are allowed; see help obs_advice.
      4. Maximum number of variables is set to 5,000 but can be increased;
          see help set_maxvar.

. do /tmp/ss-locate-stcure-issue-313/locate_stcure.do 

. version 18.0

. clear all

. set more off

. local found 0

. noi di "SS_LOCATE_START|pkg=stcure|repo=stata-journal"
SS_LOCATE_START|pkg=stcure|repo=stata-journal

. 
. net from https://www.stata-journal.com/software/
-------------------------------------------------------------------------------
https://www.stata-journal.com/software/
The Stata Journal
-------------------------------------------------------------------------------

PLACES you could -net link- to:
    stata             StataCorp website
    stb               Historical materials published in the Stata Technical
                        Bulletin

DIRECTORIES you could -net cd- to:
    sj25-4            volume 25, issue 4
    sj25-3            volume 25, issue 3
    sj25-2            volume 25, issue 2
    sj25-1            volume 25, issue 1
    sj24-4            volume 24, issue 4
    sj24-3            volume 24, issue 3
    sj24-2            volume 24, issue 2
    sj24-1            volume 24, issue 1
    sj23-4            volume 23, issue 4
    sj23-3            volume 23, issue 3
    sj23-2            volume 23, issue 2
    sj23-1            volume 23, issue 1
    sj22-4            volume 22, issue 4
    sj22-3            volume 22, issue 3
    sj22-2            volume 22, issue 2
    sj22-1            volume 22, issue 1
    sj21-4            volume 21, issue 4
    sj21-3            volume 21, issue 3
    sj21-2            volume 21, issue 2
    sj21-1            volume 21, issue 1
    sj20-4            volume 20, issue 4
    sj20-3            volume 20, issue 3
    sj20-2            volume 20, issue 2
    sj20-1            volume 20, issue 1
    sj19-4            volume 19, issue 4
    sj19-3            volume 19, issue 3
    sj19-2            volume 19, issue 2
    sj19-1            volume 19, issue 1
    sj18-4            volume 18, issue 4
    sj18-3            volume 18, issue 3
    sj18-2            volume 18, issue 2
    sj18-1            volume 18, issue 1
    sj17-4            volume 17, issue 4
    sj17-3            volume 17, issue 3
    sj17-2            volume 17, issue 2
    sj17-1            volume 17, issue 1
    sj16-4            volume 16, issue 4
    sj16-3            volume 16, issue 3
    sj16-2            volume 16, issue 2
    sj16-1            volume 16, issue 1
    sj15-4            volume 15, issue 4
    sj15-3            volume 15, issue 3
    sj15-2            volume 15, issue 2
    sj15-1            volume 15, issue 1
    sj14-4            volume 14, issue 4
    sj14-3            volume 14, issue 3
    sj14-2            volume 14, issue 2
    sj14-1            volume 14, issue 1
    sj13-4            volume 13, issue 4
    sj13-3            volume 13, issue 3
    sj13-2            volume 13, issue 2
    sj13-1            volume 13, issue 1
    sj12-4            volume 12, issue 4
    sj12-3            volume 12, issue 3
    sj12-2            volume 12, issue 2
    sj12-1            volume 12, issue 1
    sj11-4            volume 11, issue 4
    sj11-3            volume 11, issue 3
    sj11-2            volume 11, issue 2
    sj11-1            volume 11, issue 1
    sj10-4            volume 10, issue 4
    sj10-3            volume 10, issue 3
    sj10-2            volume 10, issue 2
    sj10-1            volume 10, issue 1
    sj9-4             volume 9, issue 4
    sj9-3             volume 9, issue 3
    sj9-2             volume 9, issue 2
    sj9-1             volume 9, issue 1
    sj8-4             volume 8, issue 4
    sj8-3             volume 8, issue 3
    sj8-2             volume 8, issue 2
    sj8-1             volume 8, issue 1
    sj7-4             volume 7, issue 4
    sj7-3             volume 7, issue 3
    sj7-2             volume 7, issue 2
    sj7-1             volume 7, issue 1
    sj6-4             volume 6, issue 4
    sj6-3             volume 6, issue 3
    sj6-2             volume 6, issue 2
    sj6-1             volume 6, issue 1
    sj5-4             volume 5, issue 4
    sj5-3             volume 5, issue 3
    sj5-2             volume 5, issue 2
    sj5-1             volume 5, issue 1
    sj4-4             volume 4, issue 4
    sj4-3             volume 4, issue 3
    sj4-2             volume 4, issue 2
    sj4-1             volume 4, issue 1
    sj3-4             volume 3, issue 4
    sj3-3             volume 3, issue 3
    sj3-2             volume 3, issue 2
    sj3-1             volume 3, issue 1
    sj2-4             volume 2, issue 4
    sj2-3             volume 2, issue 3
    sj2-2             volume 2, issue 2
    sj2-1             volume 2, issue 1
    sj1-1             volume 1, issue 1
-------------------------------------------------------------------------------

. 
. forvalues vol = 25(-1)2 {
  2.     forvalues iss = 4(-1)1 {
  3.         local dir "sj`vol'-`iss'"
  4.         capture noisily net cd `dir'
  5.         if _rc != 0 {
  6.             continue
  7.         }
  8.         capture noisily net describe stcure
  9.         if _rc == 0 {
 10.             noi di "SS_LOCATE_FOUND|pkg=stcure|repo=stata-journal|dir=`dir
> '"
 11.             local found 1
 12.             continue, break
 13.         }
 14.     }
 15.     if `found' == 1 {
 16.         continue, break
 17.     }
 18. }
-------------------------------------------------------------------------------
https://www.stata-journal.com/software/sj25-4/
Stata Journal volume 25, issue 4
-------------------------------------------------------------------------------

DIRECTORIES you could -net cd- to:
    ..                Other Stata Journals

PACKAGES you could -net describe-:
    dm0048_6          Update: Finding variable names
    gr0072_2          Update: Nice axis labels for logarithmic
                        scales
    gr0102            Stata tip 165: Marginal titles for graph
                        bar, graph dot, graph box, and beyond
    st0389_12         Update: Conducting interrupted time-series
                        analysis for single- and multiple-group
                        comparisons
    st0626_1          Update: Bootstrap unit-root test for random
                        walk with drift: The bsrwalkdrift command
    st0695_2          Update: Ratio estimator of intervention
                        effects on event rates in cluster
                        randomized trials
    st0788            repkit: Tools for reproducible coding
    st0789            A postestimation command that computes R-
                        squared measures for models fit by mixed
    st0790            Solve a gravity model within the universal
                        gravity class (with a positive supply
                        elasticity)
    st0791            Weighted-average least squares: Beyond the
                        classical linear regression model
    st0792            Impute using an external imputation model
    st0793            Slope heterogeneity bias test for fixed-
                        effects model
    st0794            Speaking Stata: Some notes on quadratic fits
-------------------------------------------------------------------------------
file https://www.stata-journal.com/software/sj25-4/stcure.pkg not found
could not load stcure.pkg from https://www.stata-journal.com/software/sj25-4/
file https://www.stata-journal.com/software/sj25-4/sj25-3/stata.toc not found
https://www.stata-journal.com/software/sj25-4/sj25-3/ either
  1)  is not a valid URL, or
  2)  could not be contacted, or
  3)  is not a Stata download site (has no stata.toc file).

current site is still https://www.stata-journal.com/software/sj25-4/
file https://www.stata-journal.com/software/sj25-4/sj25-2/stata.toc not found
https://www.stata-journal.com/software/sj25-4/sj25-2/ either
  1)  is not a valid URL, or
  2)  could not be contacted, or
  3)  is not a Stata download site (has no stata.toc file).

current site is still https://www.stata-journal.com/software/sj25-4/
file https://www.stata-journal.com/software/sj25-4/sj25-1/stata.toc not found
https://www.stata-journal.com/software/sj25-4/sj25-1/ either
  1)  is not a valid URL, or
  2)  could not be contacted, or
  3)  is not a Stata download site (has no stata.toc file).

current site is still https://www.stata-journal.com/software/sj25-4/
file https://www.stata-journal.com/software/sj25-4/sj24-4/stata.toc not found
https://www.stata-journal.com/software/sj25-4/sj24-4/ either
  1)  is not a valid URL, or
  2)  could not be contacted, or
  3)  is not a Stata download site (has no stata.toc file).

current site is still https://www.stata-journal.com/software/sj25-4/
file https://www.stata-journal.com/software/sj25-4/sj24-3/stata.toc not found
https://www.stata-journal.com/software/sj25-4/sj24-3/ either
  1)  is not a valid URL, or
  2)  could not be contacted, or
  3)  is not a Stata download site (has no stata.toc file).

current site is still https://www.stata-journal.com/software/sj25-4/
file https://www.stata-journal.com/software/sj25-4/sj24-2/stata.toc not found
https://www.stata-journal.com/software/sj25-4/sj24-2/ either
  1)  is not a valid URL, or
  2)  could not be contacted, or
  3)  is not a Stata download site (has no stata.toc file).

current site is still https://www.stata-journal.com/software/sj25-4/
file https://www.stata-journal.com/software/sj25-4/sj24-1/stata.toc not found
https://www.stata-journal.com/software/sj25-4/sj24-1/ either
  1)  is not a valid URL, or
  2)  could not be contacted, or
  3)  is not a Stata download site (has no stata.toc file).

current site is still https://www.stata-journal.com/software/sj25-4/
file https://www.stata-journal.com/software/sj25-4/sj23-4/stata.toc not found
https://www.stata-journal.com/software/sj25-4/sj23-4/ either
  1)  is not a valid URL, or
  2)  could not be contacted, or
  3)  is not a Stata download site (has no stata.toc file).

current site is still https://www.stata-journal.com/software/sj25-4/
file https://www.stata-journal.com/software/sj25-4/sj23-3/stata.toc not found
https://www.stata-journal.com/software/sj25-4/sj23-3/ either
  1)  is not a valid URL, or
  2)  could not be contacted, or
  3)  is not a Stata download site (has no stata.toc file).

current site is still https://www.stata-journal.com/software/sj25-4/
file https://www.stata-journal.com/software/sj25-4/sj23-2/stata.toc not found
https://www.stata-journal.com/software/sj25-4/sj23-2/ either
  1)  is not a valid URL, or
  2)  could not be contacted, or
  3)  is not a Stata download site (has no stata.toc file).

current site is still https://www.stata-journal.com/software/sj25-4/
file https://www.stata-journal.com/software/sj25-4/sj23-1/stata.toc not found
https://www.stata-journal.com/software/sj25-4/sj23-1/ either
  1)  is not a valid URL, or
  2)  could not be contacted, or
  3)  is not a Stata download site (has no stata.toc file).

current site is still https://www.stata-journal.com/software/sj25-4/
file https://www.stata-journal.com/software/sj25-4/sj22-4/stata.toc not found
https://www.stata-journal.com/software/sj25-4/sj22-4/ either
  1)  is not a valid URL, or
  2)  could not be contacted, or
  3)  is not a Stata download site (has no stata.toc file).

current site is still https://www.stata-journal.com/software/sj25-4/
file https://www.stata-journal.com/software/sj25-4/sj22-3/stata.toc not found
https://www.stata-journal.com/software/sj25-4/sj22-3/ either
  1)  is not a valid URL, or
  2)  could not be contacted, or
  3)  is not a Stata download site (has no stata.toc file).

current site is still https://www.stata-journal.com/software/sj25-4/
file https://www.stata-journal.com/software/sj25-4/sj22-2/stata.toc not found
https://www.stata-journal.com/software/sj25-4/sj22-2/ either
  1)  is not a valid URL, or
  2)  could not be contacted, or
  3)  is not a Stata download site (has no stata.toc file).

current site is still https://www.stata-journal.com/software/sj25-4/
file https://www.stata-journal.com/software/sj25-4/sj22-1/stata.toc not found
https://www.stata-journal.com/software/sj25-4/sj22-1/ either
  1)  is not a valid URL, or
  2)  could not be contacted, or
  3)  is not a Stata download site (has no stata.toc file).

current site is still https://www.stata-journal.com/software/sj25-4/
file https://www.stata-journal.com/software/sj25-4/sj21-4/stata.toc not found
https://www.stata-journal.com/software/sj25-4/sj21-4/ either
  1)  is not a valid URL, or
  2)  could not be contacted, or
  3)  is not a Stata download site (has no stata.toc file).

current site is still https://www.stata-journal.com/software/sj25-4/
file https://www.stata-journal.com/software/sj25-4/sj21-3/stata.toc not found
https://www.stata-journal.com/software/sj25-4/sj21-3/ either
  1)  is not a valid URL, or
  2)  could not be contacted, or
  3)  is not a Stata download site (has no stata.toc file).

current site is still https://www.stata-journal.com/software/sj25-4/
file https://www.stata-journal.com/software/sj25-4/sj21-2/stata.toc not found
https://www.stata-journal.com/software/sj25-4/sj21-2/ either
  1)  is not a valid URL, or
  2)  could not be contacted, or
  3)  is not a Stata download site (has no stata.toc file).

current site is still https://www.stata-journal.com/software/sj25-4/
file https://www.stata-journal.com/software/sj25-4/sj21-1/stata.toc not found
https://www.stata-journal.com/software/sj25-4/sj21-1/ either
  1)  is not a valid URL, or
  2)  could not be contacted, or
  3)  is not a Stata download site (has no stata.toc file).

current site is still https://www.stata-journal.com/software/sj25-4/
file https://www.stata-journal.com/software/sj25-4/sj20-4/stata.toc not found
https://www.stata-journal.com/software/sj25-4/sj20-4/ either
  1)  is not a valid URL, or
  2)  could not be contacted, or
  3)  is not a Stata download site (has no stata.toc file).

current site is still https://www.stata-journal.com/software/sj25-4/
file https://www.stata-journal.com/software/sj25-4/sj20-3/stata.toc not found
https://www.stata-journal.com/software/sj25-4/sj20-3/ either
  1)  is not a valid URL, or
  2)  could not be contacted, or
  3)  is not a Stata download site (has no stata.toc file).

current site is still https://www.stata-journal.com/software/sj25-4/
file https://www.stata-journal.com/software/sj25-4/sj20-2/stata.toc not found
https://www.stata-journal.com/software/sj25-4/sj20-2/ either
  1)  is not a valid URL, or
  2)  could not be contacted, or
  3)  is not a Stata download site (has no stata.toc file).

current site is still https://www.stata-journal.com/software/sj25-4/
file https://www.stata-journal.com/software/sj25-4/sj20-1/stata.toc not found
https://www.stata-journal.com/software/sj25-4/sj20-1/ either
  1)  is not a valid URL, or
  2)  could not be contacted, or
  3)  is not a Stata download site (has no stata.toc file).

current site is still https://www.stata-journal.com/software/sj25-4/
file https://www.stata-journal.com/software/sj25-4/sj19-4/stata.toc not found
https://www.stata-journal.com/software/sj25-4/sj19-4/ either
  1)  is not a valid URL, or
  2)  could not be contacted, or
  3)  is not a Stata download site (has no stata.toc file).

current site is still https://www.stata-journal.com/software/sj25-4/
file https://www.stata-journal.com/software/sj25-4/sj19-3/stata.toc not found
https://www.stata-journal.com/software/sj25-4/sj19-3/ either
  1)  is not a valid URL, or
  2)  could not be contacted, or
  3)  is not a Stata download site (has no stata.toc file).

current site is still https://www.stata-journal.com/software/sj25-4/
file https://www.stata-journal.com/software/sj25-4/sj19-2/stata.toc not found
https://www.stata-journal.com/software/sj25-4/sj19-2/ either
  1)  is not a valid URL, or
  2)  could not be contacted, or
  3)  is not a Stata download site (has no stata.toc file).

current site is still https://www.stata-journal.com/software/sj25-4/
file https://www.stata-journal.com/software/sj25-4/sj19-1/stata.toc not found
https://www.stata-journal.com/software/sj25-4/sj19-1/ either
  1)  is not a valid URL, or
  2)  could not be contacted, or
  3)  is not a Stata download site (has no stata.toc file).

current site is still https://www.stata-journal.com/software/sj25-4/
file https://www.stata-journal.com/software/sj25-4/sj18-4/stata.toc not found
https://www.stata-journal.com/software/sj25-4/sj18-4/ either
  1)  is not a valid URL, or
  2)  could not be contacted, or
  3)  is not a Stata download site (has no stata.toc file).

current site is still https://www.stata-journal.com/software/sj25-4/
file https://www.stata-journal.com/software/sj25-4/sj18-3/stata.toc not found
https://www.stata-journal.com/software/sj25-4/sj18-3/ either
  1)  is not a valid URL, or
  2)  could not be contacted, or
  3)  is not a Stata download site (has no stata.toc file).

current site is still https://www.stata-journal.com/software/sj25-4/
file https://www.stata-journal.com/software/sj25-4/sj18-2/stata.toc not found
https://www.stata-journal.com/software/sj25-4/sj18-2/ either
  1)  is not a valid URL, or
  2)  could not be contacted, or
  3)  is not a Stata download site (has no stata.toc file).

current site is still https://www.stata-journal.com/software/sj25-4/
file https://www.stata-journal.com/software/sj25-4/sj18-1/stata.toc not found
https://www.stata-journal.com/software/sj25-4/sj18-1/ either
  1)  is not a valid URL, or
  2)  could not be contacted, or
  3)  is not a Stata download site (has no stata.toc file).

current site is still https://www.stata-journal.com/software/sj25-4/
file https://www.stata-journal.com/software/sj25-4/sj17-4/stata.toc not found
https://www.stata-journal.com/software/sj25-4/sj17-4/ either
  1)  is not a valid URL, or
  2)  could not be contacted, or
  3)  is not a Stata download site (has no stata.toc file).

current site is still https://www.stata-journal.com/software/sj25-4/
file https://www.stata-journal.com/software/sj25-4/sj17-3/stata.toc not found
https://www.stata-journal.com/software/sj25-4/sj17-3/ either
  1)  is not a valid URL, or
  2)  could not be contacted, or
  3)  is not a Stata download site (has no stata.toc file).

current site is still https://www.stata-journal.com/software/sj25-4/
file https://www.stata-journal.com/software/sj25-4/sj17-2/stata.toc not found
https://www.stata-journal.com/software/sj25-4/sj17-2/ either
  1)  is not a valid URL, or
  2)  could not be contacted, or
  3)  is not a Stata download site (has no stata.toc file).

current site is still https://www.stata-journal.com/software/sj25-4/
file https://www.stata-journal.com/software/sj25-4/sj17-1/stata.toc not found
https://www.stata-journal.com/software/sj25-4/sj17-1/ either
  1)  is not a valid URL, or
  2)  could not be contacted, or
  3)  is not a Stata download site (has no stata.toc file).

current site is still https://www.stata-journal.com/software/sj25-4/
file https://www.stata-journal.com/software/sj25-4/sj16-4/stata.toc not found
https://www.stata-journal.com/software/sj25-4/sj16-4/ either
  1)  is not a valid URL, or
  2)  could not be contacted, or
  3)  is not a Stata download site (has no stata.toc file).

current site is still https://www.stata-journal.com/software/sj25-4/
file https://www.stata-journal.com/software/sj25-4/sj16-3/stata.toc not found
https://www.stata-journal.com/software/sj25-4/sj16-3/ either
  1)  is not a valid URL, or
  2)  could not be contacted, or
  3)  is not a Stata download site (has no stata.toc file).

current site is still https://www.stata-journal.com/software/sj25-4/
file https://www.stata-journal.com/software/sj25-4/sj16-2/stata.toc not found
https://www.stata-journal.com/software/sj25-4/sj16-2/ either
  1)  is not a valid URL, or
  2)  could not be contacted, or
  3)  is not a Stata download site (has no stata.toc file).

current site is still https://www.stata-journal.com/software/sj25-4/
file https://www.stata-journal.com/software/sj25-4/sj16-1/stata.toc not found
https://www.stata-journal.com/software/sj25-4/sj16-1/ either
  1)  is not a valid URL, or
  2)  could not be contacted, or
  3)  is not a Stata download site (has no stata.toc file).

current site is still https://www.stata-journal.com/software/sj25-4/
file https://www.stata-journal.com/software/sj25-4/sj15-4/stata.toc not found
https://www.stata-journal.com/software/sj25-4/sj15-4/ either
  1)  is not a valid URL, or
  2)  could not be contacted, or
  3)  is not a Stata download site (has no stata.toc file).

current site is still https://www.stata-journal.com/software/sj25-4/
file https://www.stata-journal.com/software/sj25-4/sj15-3/stata.toc not found
https://www.stata-journal.com/software/sj25-4/sj15-3/ either
  1)  is not a valid URL, or
  2)  could not be contacted, or
  3)  is not a Stata download site (has no stata.toc file).

current site is still https://www.stata-journal.com/software/sj25-4/
file https://www.stata-journal.com/software/sj25-4/sj15-2/stata.toc not found
https://www.stata-journal.com/software/sj25-4/sj15-2/ either
  1)  is not a valid URL, or
  2)  could not be contacted, or
  3)  is not a Stata download site (has no stata.toc file).

current site is still https://www.stata-journal.com/software/sj25-4/
file https://www.stata-journal.com/software/sj25-4/sj15-1/stata.toc not found
https://www.stata-journal.com/software/sj25-4/sj15-1/ either
  1)  is not a valid URL, or
  2)  could not be contacted, or
  3)  is not a Stata download site (has no stata.toc file).

current site is still https://www.stata-journal.com/software/sj25-4/
file https://www.stata-journal.com/software/sj25-4/sj14-4/stata.toc not found
https://www.stata-journal.com/software/sj25-4/sj14-4/ either
  1)  is not a valid URL, or
  2)  could not be contacted, or
  3)  is not a Stata download site (has no stata.toc file).

current site is still https://www.stata-journal.com/software/sj25-4/
file https://www.stata-journal.com/software/sj25-4/sj14-3/stata.toc not found
https://www.stata-journal.com/software/sj25-4/sj14-3/ either
  1)  is not a valid URL, or
  2)  could not be contacted, or
  3)  is not a Stata download site (has no stata.toc file).

current site is still https://www.stata-journal.com/software/sj25-4/
file https://www.stata-journal.com/software/sj25-4/sj14-2/stata.toc not found
https://www.stata-journal.com/software/sj25-4/sj14-2/ either
  1)  is not a valid URL, or
  2)  could not be contacted, or
  3)  is not a Stata download site (has no stata.toc file).

current site is still https://www.stata-journal.com/software/sj25-4/
file https://www.stata-journal.com/software/sj25-4/sj14-1/stata.toc not found
https://www.stata-journal.com/software/sj25-4/sj14-1/ either
  1)  is not a valid URL, or
  2)  could not be contacted, or
  3)  is not a Stata download site (has no stata.toc file).

current site is still https://www.stata-journal.com/software/sj25-4/
file https://www.stata-journal.com/software/sj25-4/sj13-4/stata.toc not found
https://www.stata-journal.com/software/sj25-4/sj13-4/ either
  1)  is not a valid URL, or
  2)  could not be contacted, or
  3)  is not a Stata download site (has no stata.toc file).

current site is still https://www.stata-journal.com/software/sj25-4/
file https://www.stata-journal.com/software/sj25-4/sj13-3/stata.toc not found
https://www.stata-journal.com/software/sj25-4/sj13-3/ either
  1)  is not a valid URL, or
  2)  could not be contacted, or
  3)  is not a Stata download site (has no stata.toc file).

current site is still https://www.stata-journal.com/software/sj25-4/
file https://www.stata-journal.com/software/sj25-4/sj13-2/stata.toc not found
https://www.stata-journal.com/software/sj25-4/sj13-2/ either
  1)  is not a valid URL, or
  2)  could not be contacted, or
  3)  is not a Stata download site (has no stata.toc file).

current site is still https://www.stata-journal.com/software/sj25-4/
file https://www.stata-journal.com/software/sj25-4/sj13-1/stata.toc not found
https://www.stata-journal.com/software/sj25-4/sj13-1/ either
  1)  is not a valid URL, or
  2)  could not be contacted, or
  3)  is not a Stata download site (has no stata.toc file).

current site is still https://www.stata-journal.com/software/sj25-4/
file https://www.stata-journal.com/software/sj25-4/sj12-4/stata.toc not found
https://www.stata-journal.com/software/sj25-4/sj12-4/ either
  1)  is not a valid URL, or
  2)  could not be contacted, or
  3)  is not a Stata download site (has no stata.toc file).

current site is still https://www.stata-journal.com/software/sj25-4/
file https://www.stata-journal.com/software/sj25-4/sj12-3/stata.toc not found
https://www.stata-journal.com/software/sj25-4/sj12-3/ either
  1)  is not a valid URL, or
  2)  could not be contacted, or
  3)  is not a Stata download site (has no stata.toc file).

current site is still https://www.stata-journal.com/software/sj25-4/
file https://www.stata-journal.com/software/sj25-4/sj12-2/stata.toc not found
https://www.stata-journal.com/software/sj25-4/sj12-2/ either
  1)  is not a valid URL, or
  2)  could not be contacted, or
  3)  is not a Stata download site (has no stata.toc file).

current site is still https://www.stata-journal.com/software/sj25-4/
file https://www.stata-journal.com/software/sj25-4/sj12-1/stata.toc not found
https://www.stata-journal.com/software/sj25-4/sj12-1/ either
  1)  is not a valid URL, or
  2)  could not be contacted, or
  3)  is not a Stata download site (has no stata.toc file).

current site is still https://www.stata-journal.com/software/sj25-4/
file https://www.stata-journal.com/software/sj25-4/sj11-4/stata.toc not found
https://www.stata-journal.com/software/sj25-4/sj11-4/ either
  1)  is not a valid URL, or
  2)  could not be contacted, or
  3)  is not a Stata download site (has no stata.toc file).

current site is still https://www.stata-journal.com/software/sj25-4/
file https://www.stata-journal.com/software/sj25-4/sj11-3/stata.toc not found
https://www.stata-journal.com/software/sj25-4/sj11-3/ either
  1)  is not a valid URL, or
  2)  could not be contacted, or
  3)  is not a Stata download site (has no stata.toc file).

current site is still https://www.stata-journal.com/software/sj25-4/
file https://www.stata-journal.com/software/sj25-4/sj11-2/stata.toc not found
https://www.stata-journal.com/software/sj25-4/sj11-2/ either
  1)  is not a valid URL, or
  2)  could not be contacted, or
  3)  is not a Stata download site (has no stata.toc file).

current site is still https://www.stata-journal.com/software/sj25-4/
file https://www.stata-journal.com/software/sj25-4/sj11-1/stata.toc not found
https://www.stata-journal.com/software/sj25-4/sj11-1/ either
  1)  is not a valid URL, or
  2)  could not be contacted, or
  3)  is not a Stata download site (has no stata.toc file).

current site is still https://www.stata-journal.com/software/sj25-4/
file https://www.stata-journal.com/software/sj25-4/sj10-4/stata.toc not found
https://www.stata-journal.com/software/sj25-4/sj10-4/ either
  1)  is not a valid URL, or
  2)  could not be contacted, or
  3)  is not a Stata download site (has no stata.toc file).

current site is still https://www.stata-journal.com/software/sj25-4/
file https://www.stata-journal.com/software/sj25-4/sj10-3/stata.toc not found
https://www.stata-journal.com/software/sj25-4/sj10-3/ either
  1)  is not a valid URL, or
  2)  could not be contacted, or
  3)  is not a Stata download site (has no stata.toc file).

current site is still https://www.stata-journal.com/software/sj25-4/
file https://www.stata-journal.com/software/sj25-4/sj10-2/stata.toc not found
https://www.stata-journal.com/software/sj25-4/sj10-2/ either
  1)  is not a valid URL, or
  2)  could not be contacted, or
  3)  is not a Stata download site (has no stata.toc file).

current site is still https://www.stata-journal.com/software/sj25-4/
file https://www.stata-journal.com/software/sj25-4/sj10-1/stata.toc not found
https://www.stata-journal.com/software/sj25-4/sj10-1/ either
  1)  is not a valid URL, or
  2)  could not be contacted, or
  3)  is not a Stata download site (has no stata.toc file).

current site is still https://www.stata-journal.com/software/sj25-4/
file https://www.stata-journal.com/software/sj25-4/sj9-4/stata.toc not found
https://www.stata-journal.com/software/sj25-4/sj9-4/ either
  1)  is not a valid URL, or
  2)  could not be contacted, or
  3)  is not a Stata download site (has no stata.toc file).

current site is still https://www.stata-journal.com/software/sj25-4/
file https://www.stata-journal.com/software/sj25-4/sj9-3/stata.toc not found
https://www.stata-journal.com/software/sj25-4/sj9-3/ either
  1)  is not a valid URL, or
  2)  could not be contacted, or
  3)  is not a Stata download site (has no stata.toc file).

current site is still https://www.stata-journal.com/software/sj25-4/
file https://www.stata-journal.com/software/sj25-4/sj9-2/stata.toc not found
https://www.stata-journal.com/software/sj25-4/sj9-2/ either
  1)  is not a valid URL, or
  2)  could not be contacted, or
  3)  is not a Stata download site (has no stata.toc file).

current site is still https://www.stata-journal.com/software/sj25-4/
file https://www.stata-journal.com/software/sj25-4/sj9-1/stata.toc not found
https://www.stata-journal.com/software/sj25-4/sj9-1/ either
  1)  is not a valid URL, or
  2)  could not be contacted, or
  3)  is not a Stata download site (has no stata.toc file).

current site is still https://www.stata-journal.com/software/sj25-4/
file https://www.stata-journal.com/software/sj25-4/sj8-4/stata.toc not found
https://www.stata-journal.com/software/sj25-4/sj8-4/ either
  1)  is not a valid URL, or
  2)  could not be contacted, or
  3)  is not a Stata download site (has no stata.toc file).

current site is still https://www.stata-journal.com/software/sj25-4/
file https://www.stata-journal.com/software/sj25-4/sj8-3/stata.toc not found
https://www.stata-journal.com/software/sj25-4/sj8-3/ either
  1)  is not a valid URL, or
  2)  could not be contacted, or
  3)  is not a Stata download site (has no stata.toc file).

current site is still https://www.stata-journal.com/software/sj25-4/
file https://www.stata-journal.com/software/sj25-4/sj8-2/stata.toc not found
https://www.stata-journal.com/software/sj25-4/sj8-2/ either
  1)  is not a valid URL, or
  2)  could not be contacted, or
  3)  is not a Stata download site (has no stata.toc file).

current site is still https://www.stata-journal.com/software/sj25-4/
file https://www.stata-journal.com/software/sj25-4/sj8-1/stata.toc not found
https://www.stata-journal.com/software/sj25-4/sj8-1/ either
  1)  is not a valid URL, or
  2)  could not be contacted, or
  3)  is not a Stata download site (has no stata.toc file).

current site is still https://www.stata-journal.com/software/sj25-4/
file https://www.stata-journal.com/software/sj25-4/sj7-4/stata.toc not found
https://www.stata-journal.com/software/sj25-4/sj7-4/ either
  1)  is not a valid URL, or
  2)  could not be contacted, or
  3)  is not a Stata download site (has no stata.toc file).

current site is still https://www.stata-journal.com/software/sj25-4/
file https://www.stata-journal.com/software/sj25-4/sj7-3/stata.toc not found
https://www.stata-journal.com/software/sj25-4/sj7-3/ either
  1)  is not a valid URL, or
  2)  could not be contacted, or
  3)  is not a Stata download site (has no stata.toc file).

current site is still https://www.stata-journal.com/software/sj25-4/
file https://www.stata-journal.com/software/sj25-4/sj7-2/stata.toc not found
https://www.stata-journal.com/software/sj25-4/sj7-2/ either
  1)  is not a valid URL, or
  2)  could not be contacted, or
  3)  is not a Stata download site (has no stata.toc file).

current site is still https://www.stata-journal.com/software/sj25-4/
file https://www.stata-journal.com/software/sj25-4/sj7-1/stata.toc not found
https://www.stata-journal.com/software/sj25-4/sj7-1/ either
  1)  is not a valid URL, or
  2)  could not be contacted, or
  3)  is not a Stata download site (has no stata.toc file).

current site is still https://www.stata-journal.com/software/sj25-4/
file https://www.stata-journal.com/software/sj25-4/sj6-4/stata.toc not found
https://www.stata-journal.com/software/sj25-4/sj6-4/ either
  1)  is not a valid URL, or
  2)  could not be contacted, or
  3)  is not a Stata download site (has no stata.toc file).

current site is still https://www.stata-journal.com/software/sj25-4/
file https://www.stata-journal.com/software/sj25-4/sj6-3/stata.toc not found
https://www.stata-journal.com/software/sj25-4/sj6-3/ either
  1)  is not a valid URL, or
  2)  could not be contacted, or
  3)  is not a Stata download site (has no stata.toc file).

current site is still https://www.stata-journal.com/software/sj25-4/
file https://www.stata-journal.com/software/sj25-4/sj6-2/stata.toc not found
https://www.stata-journal.com/software/sj25-4/sj6-2/ either
  1)  is not a valid URL, or
  2)  could not be contacted, or
  3)  is not a Stata download site (has no stata.toc file).

current site is still https://www.stata-journal.com/software/sj25-4/
file https://www.stata-journal.com/software/sj25-4/sj6-1/stata.toc not found
https://www.stata-journal.com/software/sj25-4/sj6-1/ either
  1)  is not a valid URL, or
  2)  could not be contacted, or
  3)  is not a Stata download site (has no stata.toc file).

current site is still https://www.stata-journal.com/software/sj25-4/
file https://www.stata-journal.com/software/sj25-4/sj5-4/stata.toc not found
https://www.stata-journal.com/software/sj25-4/sj5-4/ either
  1)  is not a valid URL, or
  2)  could not be contacted, or
  3)  is not a Stata download site (has no stata.toc file).

current site is still https://www.stata-journal.com/software/sj25-4/
file https://www.stata-journal.com/software/sj25-4/sj5-3/stata.toc not found
https://www.stata-journal.com/software/sj25-4/sj5-3/ either
  1)  is not a valid URL, or
  2)  could not be contacted, or
  3)  is not a Stata download site (has no stata.toc file).

current site is still https://www.stata-journal.com/software/sj25-4/
file https://www.stata-journal.com/software/sj25-4/sj5-2/stata.toc not found
https://www.stata-journal.com/software/sj25-4/sj5-2/ either
  1)  is not a valid URL, or
  2)  could not be contacted, or
  3)  is not a Stata download site (has no stata.toc file).

current site is still https://www.stata-journal.com/software/sj25-4/
file https://www.stata-journal.com/software/sj25-4/sj5-1/stata.toc not found
https://www.stata-journal.com/software/sj25-4/sj5-1/ either
  1)  is not a valid URL, or
  2)  could not be contacted, or
  3)  is not a Stata download site (has no stata.toc file).

current site is still https://www.stata-journal.com/software/sj25-4/
file https://www.stata-journal.com/software/sj25-4/sj4-4/stata.toc not found
https://www.stata-journal.com/software/sj25-4/sj4-4/ either
  1)  is not a valid URL, or
  2)  could not be contacted, or
  3)  is not a Stata download site (has no stata.toc file).

current site is still https://www.stata-journal.com/software/sj25-4/
file https://www.stata-journal.com/software/sj25-4/sj4-3/stata.toc not found
https://www.stata-journal.com/software/sj25-4/sj4-3/ either
  1)  is not a valid URL, or
  2)  could not be contacted, or
  3)  is not a Stata download site (has no stata.toc file).

current site is still https://www.stata-journal.com/software/sj25-4/
file https://www.stata-journal.com/software/sj25-4/sj4-2/stata.toc not found
https://www.stata-journal.com/software/sj25-4/sj4-2/ either
  1)  is not a valid URL, or
  2)  could not be contacted, or
  3)  is not a Stata download site (has no stata.toc file).

current site is still https://www.stata-journal.com/software/sj25-4/
file https://www.stata-journal.com/software/sj25-4/sj4-1/stata.toc not found
https://www.stata-journal.com/software/sj25-4/sj4-1/ either
  1)  is not a valid URL, or
  2)  could not be contacted, or
  3)  is not a Stata download site (has no stata.toc file).

current site is still https://www.stata-journal.com/software/sj25-4/
file https://www.stata-journal.com/software/sj25-4/sj3-4/stata.toc not found
https://www.stata-journal.com/software/sj25-4/sj3-4/ either
  1)  is not a valid URL, or
  2)  could not be contacted, or
  3)  is not a Stata download site (has no stata.toc file).

current site is still https://www.stata-journal.com/software/sj25-4/
file https://www.stata-journal.com/software/sj25-4/sj3-3/stata.toc not found
https://www.stata-journal.com/software/sj25-4/sj3-3/ either
  1)  is not a valid URL, or
  2)  could not be contacted, or
  3)  is not a Stata download site (has no stata.toc file).

current site is still https://www.stata-journal.com/software/sj25-4/
file https://www.stata-journal.com/software/sj25-4/sj3-2/stata.toc not found
https://www.stata-journal.com/software/sj25-4/sj3-2/ either
  1)  is not a valid URL, or
  2)  could not be contacted, or
  3)  is not a Stata download site (has no stata.toc file).

current site is still https://www.stata-journal.com/software/sj25-4/
file https://www.stata-journal.com/software/sj25-4/sj3-1/stata.toc not found
https://www.stata-journal.com/software/sj25-4/sj3-1/ either
  1)  is not a valid URL, or
  2)  could not be contacted, or
  3)  is not a Stata download site (has no stata.toc file).

current site is still https://www.stata-journal.com/software/sj25-4/
file https://www.stata-journal.com/software/sj25-4/sj2-4/stata.toc not found
https://www.stata-journal.com/software/sj25-4/sj2-4/ either
  1)  is not a valid URL, or
  2)  could not be contacted, or
  3)  is not a Stata download site (has no stata.toc file).

current site is still https://www.stata-journal.com/software/sj25-4/
file https://www.stata-journal.com/software/sj25-4/sj2-3/stata.toc not found
https://www.stata-journal.com/software/sj25-4/sj2-3/ either
  1)  is not a valid URL, or
  2)  could not be contacted, or
  3)  is not a Stata download site (has no stata.toc file).

current site is still https://www.stata-journal.com/software/sj25-4/
file https://www.stata-journal.com/software/sj25-4/sj2-2/stata.toc not found
https://www.stata-journal.com/software/sj25-4/sj2-2/ either
  1)  is not a valid URL, or
  2)  could not be contacted, or
  3)  is not a Stata download site (has no stata.toc file).

current site is still https://www.stata-journal.com/software/sj25-4/
file https://www.stata-journal.com/software/sj25-4/sj2-1/stata.toc not found
https://www.stata-journal.com/software/sj25-4/sj2-1/ either
  1)  is not a valid URL, or
  2)  could not be contacted, or
  3)  is not a Stata download site (has no stata.toc file).

current site is still https://www.stata-journal.com/software/sj25-4/

. 
. if `found' == 0 {
.     capture noisily net link stb
stb not found
.     capture noisily net cd stb
file https://www.stata-journal.com/software/sj25-4/stb/stata.toc not found
https://www.stata-journal.com/software/sj25-4/stb/ either
  1)  is not a valid URL, or
  2)  could not be contacted, or
  3)  is not a Stata download site (has no stata.toc file).

current site is still https://www.stata-journal.com/software/sj25-4/
.     capture noisily net describe stcure
file https://www.stata-journal.com/software/sj25-4/stcure.pkg not found
could not load stcure.pkg from https://www.stata-journal.com/software/sj25-4/
.     if _rc == 0 {
.         noi di "SS_LOCATE_FOUND|pkg=stcure|repo=stb|dir=stb"
.         local found 1
.     }
. }

. 
. if `found' == 0 {
.     noi di "SS_LOCATE_NOT_FOUND|pkg=stcure"
SS_LOCATE_NOT_FOUND|pkg=stcure
. }

. 
. noi di "SS_LOCATE_DONE|pkg=stcure|found=`found'"
SS_LOCATE_DONE|pkg=stcure|found=0

. exit, clear

end of do-file
