
  ___  ____  ____  ____  ____ ®
 /__    /   ____/   /   ____/      18.0
___/   /   /___/   /   /___/       MP—Parallel Edition

 Statistics and Data Science       Copyright 1985-2023 StataCorp LLC
                                   StataCorp
                                   4905 Lakeway Drive
                                   College Station, Texas 77845 USA
                                   800-STATA-PC        https://www.stata.com
                                   979-696-4600        stata@stata.com

Stata license: 114514-student 64-core lab perpetual
Serial number: 9223372036854775807
  Licensed to: LEEKY
               1138

Notes:
      1. Stata is running in batch mode.
      2. Unicode is supported; see help unicode_advice.
      3. More than 2 billion observations are allowed; see help obs_advice.
      4. Maximum number of variables is set to 5,000 but can be increased;
          see help set_maxvar.

. do /tmp/ss-search-stcure-issue-313/search_stcure.do 

. version 18.0

. clear all

. set more off

. noi di "SS_SEARCH_START|query=stcure"
SS_SEARCH_START|query=stcure

. search stcure
request ignored because of batch mode

. noi di "SS_SEARCH_DONE|query=stcure"
SS_SEARCH_DONE|query=stcure

. exit, clear

end of do-file
